<?xml version="1.0" encoding="UTF-8"?>
<robot generator="Robot 6.1.1 (Python 3.10.12 on linux)" generated="20231118 04:44:13.125" rpa="false" schemaversion="4">
<suite id="s1" name="Tests" source="/home/shao/palautusrepositorio/viikko3/login-robot/src/tests">
<suite id="s1-s1" name="Login" source="/home/shao/palautusrepositorio/viikko3/login-robot/src/tests/login.robot">
<test id="s1-s1-t1" name="Login With Correct Credentials" line="6">
<kw name="Create User And Input Login Command" type="SETUP">
<kw name="Create User" library="AppLibrary">
<arg>kalle</arg>
<arg>kalle123</arg>
<status status="PASS" starttime="20231118 04:44:13.145" endtime="20231118 04:44:13.146"/>
</kw>
<kw name="Input Login Command" library="resource">
<kw name="Input" library="AppLibrary">
<arg>login</arg>
<status status="PASS" starttime="20231118 04:44:13.146" endtime="20231118 04:44:13.146"/>
</kw>
<status status="PASS" starttime="20231118 04:44:13.146" endtime="20231118 04:44:13.146"/>
</kw>
<status status="PASS" starttime="20231118 04:44:13.145" endtime="20231118 04:44:13.146"/>
</kw>
<kw name="Input Credentials" library="resource">
<arg>kalle</arg>
<arg>kalle123</arg>
<kw name="Input" library="AppLibrary">
<arg>${username}</arg>
<status status="PASS" starttime="20231118 04:44:13.146" endtime="20231118 04:44:13.147"/>
</kw>
<kw name="Input" library="AppLibrary">
<arg>${password}</arg>
<status status="PASS" starttime="20231118 04:44:13.147" endtime="20231118 04:44:13.147"/>
</kw>
<kw name="Run Application" library="AppLibrary">
<status status="PASS" starttime="20231118 04:44:13.147" endtime="20231118 04:44:13.147"/>
</kw>
<status status="PASS" starttime="20231118 04:44:13.146" endtime="20231118 04:44:13.147"/>
</kw>
<kw name="Output Should Contain" library="AppLibrary">
<arg>Logged in</arg>
<status status="PASS" starttime="20231118 04:44:13.147" endtime="20231118 04:44:13.147"/>
</kw>
<status status="PASS" starttime="20231118 04:44:13.145" endtime="20231118 04:44:13.147"/>
</test>
<test id="s1-s1-t2" name="Login With Incorrect Password" line="10">
<kw name="Create User And Input Login Command" type="SETUP">
<kw name="Create User" library="AppLibrary">
<arg>kalle</arg>
<arg>kalle123</arg>
<status status="PASS" starttime="20231118 04:44:13.148" endtime="20231118 04:44:13.148"/>
</kw>
<kw name="Input Login Command" library="resource">
<kw name="Input" library="AppLibrary">
<arg>login</arg>
<status status="PASS" starttime="20231118 04:44:13.148" endtime="20231118 04:44:13.148"/>
</kw>
<status status="PASS" starttime="20231118 04:44:13.148" endtime="20231118 04:44:13.148"/>
</kw>
<status status="PASS" starttime="20231118 04:44:13.148" endtime="20231118 04:44:13.148"/>
</kw>
<kw name="Input Credentials" library="resource">
<arg>kalle</arg>
<arg>kalle</arg>
<kw name="Input" library="AppLibrary">
<arg>${username}</arg>
<status status="PASS" starttime="20231118 04:44:13.149" endtime="20231118 04:44:13.149"/>
</kw>
<kw name="Input" library="AppLibrary">
<arg>${password}</arg>
<status status="PASS" starttime="20231118 04:44:13.149" endtime="20231118 04:44:13.149"/>
</kw>
<kw name="Run Application" library="AppLibrary">
<status status="PASS" starttime="20231118 04:44:13.149" endtime="20231118 04:44:13.149"/>
</kw>
<status status="PASS" starttime="20231118 04:44:13.148" endtime="20231118 04:44:13.149"/>
</kw>
<kw name="Output Should Contain" library="AppLibrary">
<arg>Invalid username or password</arg>
<status status="PASS" starttime="20231118 04:44:13.149" endtime="20231118 04:44:13.149"/>
</kw>
<status status="PASS" starttime="20231118 04:44:13.147" endtime="20231118 04:44:13.149"/>
</test>
<test id="s1-s1-t3" name="Login With Nonexistent Username" line="14">
<kw name="Create User And Input Login Command" type="SETUP">
<kw name="Create User" library="AppLibrary">
<arg>kalle</arg>
<arg>kalle123</arg>
<status status="PASS" starttime="20231118 04:44:13.150" endtime="20231118 04:44:13.150"/>
</kw>
<kw name="Input Login Command" library="resource">
<kw name="Input" library="AppLibrary">
<arg>login</arg>
<status status="PASS" starttime="20231118 04:44:13.150" endtime="20231118 04:44:13.150"/>
</kw>
<status status="PASS" starttime="20231118 04:44:13.150" endtime="20231118 04:44:13.150"/>
</kw>
<status status="PASS" starttime="20231118 04:44:13.150" endtime="20231118 04:44:13.150"/>
</kw>
<kw name="Input Credentials" library="resource">
<arg>""</arg>
<arg>kalle</arg>
<kw name="Input" library="AppLibrary">
<arg>${username}</arg>
<status status="PASS" starttime="20231118 04:44:13.150" endtime="20231118 04:44:13.150"/>
</kw>
<kw name="Input" library="AppLibrary">
<arg>${password}</arg>
<status status="PASS" starttime="20231118 04:44:13.151" endtime="20231118 04:44:13.151"/>
</kw>
<kw name="Run Application" library="AppLibrary">
<status status="PASS" starttime="20231118 04:44:13.151" endtime="20231118 04:44:13.151"/>
</kw>
<status status="PASS" starttime="20231118 04:44:13.150" endtime="20231118 04:44:13.151"/>
</kw>
<kw name="Output Should Contain" library="AppLibrary">
<arg>Invalid username or password</arg>
<status status="PASS" starttime="20231118 04:44:13.151" endtime="20231118 04:44:13.151"/>
</kw>
<status status="PASS" starttime="20231118 04:44:13.149" endtime="20231118 04:44:13.151"/>
</test>
<status status="PASS" starttime="20231118 04:44:13.140" endtime="20231118 04:44:13.151"/>
</suite>
<suite id="s1-s2" name="Register" source="/home/shao/palautusrepositorio/viikko3/login-robot/src/tests/register.robot">
<test id="s1-s2-t1" name="Register With Valid Username And Password" line="6">
<kw name="Create User And Input Login Command" type="SETUP">
<kw name="Create User" library="AppLibrary">
<arg>kalle</arg>
<arg>kalle123</arg>
<status status="PASS" starttime="20231118 04:44:13.154" endtime="20231118 04:44:13.154"/>
</kw>
<kw name="Input New Command" library="resource">
<kw name="Input" library="AppLibrary">
<arg>new</arg>
<status status="PASS" starttime="20231118 04:44:13.154" endtime="20231118 04:44:13.154"/>
</kw>
<status status="PASS" starttime="20231118 04:44:13.154" endtime="20231118 04:44:13.154"/>
</kw>
<status status="PASS" starttime="20231118 04:44:13.154" endtime="20231118 04:44:13.154"/>
</kw>
<kw name="Input Credentials" library="resource">
<arg>david</arg>
<arg>david123</arg>
<kw name="Input" library="AppLibrary">
<arg>${username}</arg>
<status status="PASS" starttime="20231118 04:44:13.155" endtime="20231118 04:44:13.155"/>
</kw>
<kw name="Input" library="AppLibrary">
<arg>${password}</arg>
<status status="PASS" starttime="20231118 04:44:13.155" endtime="20231118 04:44:13.155"/>
</kw>
<kw name="Run Application" library="AppLibrary">
<status status="PASS" starttime="20231118 04:44:13.155" endtime="20231118 04:44:13.155"/>
</kw>
<status status="PASS" starttime="20231118 04:44:13.154" endtime="20231118 04:44:13.155"/>
</kw>
<kw name="Output Should Contain" library="AppLibrary">
<arg>New user registered</arg>
<status status="PASS" starttime="20231118 04:44:13.155" endtime="20231118 04:44:13.155"/>
</kw>
<status status="PASS" starttime="20231118 04:44:13.153" endtime="20231118 04:44:13.155"/>
</test>
<test id="s1-s2-t2" name="Register With Already Taken Username And Valid Password" line="9">
<kw name="Create User And Input Login Command" type="SETUP">
<kw name="Create User" library="AppLibrary">
<arg>kalle</arg>
<arg>kalle123</arg>
<status status="PASS" starttime="20231118 04:44:13.156" endtime="20231118 04:44:13.156"/>
</kw>
<kw name="Input New Command" library="resource">
<kw name="Input" library="AppLibrary">
<arg>new</arg>
<status status="PASS" starttime="20231118 04:44:13.156" endtime="20231118 04:44:13.156"/>
</kw>
<status status="PASS" starttime="20231118 04:44:13.156" endtime="20231118 04:44:13.156"/>
</kw>
<status status="PASS" starttime="20231118 04:44:13.156" endtime="20231118 04:44:13.156"/>
</kw>
<kw name="Input Credentials" library="resource">
<arg>kalle</arg>
<arg>kalle123</arg>
<kw name="Input" library="AppLibrary">
<arg>${username}</arg>
<status status="PASS" starttime="20231118 04:44:13.157" endtime="20231118 04:44:13.157"/>
</kw>
<kw name="Input" library="AppLibrary">
<arg>${password}</arg>
<status status="PASS" starttime="20231118 04:44:13.157" endtime="20231118 04:44:13.157"/>
</kw>
<kw name="Run Application" library="AppLibrary">
<status status="PASS" starttime="20231118 04:44:13.157" endtime="20231118 04:44:13.157"/>
</kw>
<status status="PASS" starttime="20231118 04:44:13.156" endtime="20231118 04:44:13.157"/>
</kw>
<kw name="Output Should Contain" library="AppLibrary">
<arg>Username already exist</arg>
<status status="PASS" starttime="20231118 04:44:13.157" endtime="20231118 04:44:13.157"/>
</kw>
<status status="PASS" starttime="20231118 04:44:13.156" endtime="20231118 04:44:13.157"/>
</test>
<test id="s1-s2-t3" name="Register With Too Short Username And Valid Password" line="12">
<kw name="Create User And Input Login Command" type="SETUP">
<kw name="Create User" library="AppLibrary">
<arg>kalle</arg>
<arg>kalle123</arg>
<status status="PASS" starttime="20231118 04:44:13.158" endtime="20231118 04:44:13.158"/>
</kw>
<kw name="Input New Command" library="resource">
<kw name="Input" library="AppLibrary">
<arg>new</arg>
<status status="PASS" starttime="20231118 04:44:13.158" endtime="20231118 04:44:13.158"/>
</kw>
<status status="PASS" starttime="20231118 04:44:13.158" endtime="20231118 04:44:13.158"/>
</kw>
<status status="PASS" starttime="20231118 04:44:13.158" endtime="20231118 04:44:13.159"/>
</kw>
<kw name="Input Credentials" library="resource">
<arg>ka</arg>
<arg>kalle123</arg>
<kw name="Input" library="AppLibrary">
<arg>${username}</arg>
<status status="PASS" starttime="20231118 04:44:13.159" endtime="20231118 04:44:13.159"/>
</kw>
<kw name="Input" library="AppLibrary">
<arg>${password}</arg>
<status status="PASS" starttime="20231118 04:44:13.159" endtime="20231118 04:44:13.159"/>
</kw>
<kw name="Run Application" library="AppLibrary">
<status status="PASS" starttime="20231118 04:44:13.159" endtime="20231118 04:44:13.159"/>
</kw>
<status status="PASS" starttime="20231118 04:44:13.159" endtime="20231118 04:44:13.159"/>
</kw>
<kw name="Output Should Contain" library="AppLibrary">
<arg>Username is too short</arg>
<status status="PASS" starttime="20231118 04:44:13.159" endtime="20231118 04:44:13.159"/>
</kw>
<status status="PASS" starttime="20231118 04:44:13.158" endtime="20231118 04:44:13.159"/>
</test>
<test id="s1-s2-t4" name="Register With Enough Long But Invalid Username And Valid Password" line="15">
<kw name="Create User And Input Login Command" type="SETUP">
<kw name="Create User" library="AppLibrary">
<arg>kalle</arg>
<arg>kalle123</arg>
<status status="PASS" starttime="20231118 04:44:13.160" endtime="20231118 04:44:13.160"/>
</kw>
<kw name="Input New Command" library="resource">
<kw name="Input" library="AppLibrary">
<arg>new</arg>
<status status="PASS" starttime="20231118 04:44:13.160" endtime="20231118 04:44:13.160"/>
</kw>
<status status="PASS" starttime="20231118 04:44:13.160" endtime="20231118 04:44:13.160"/>
</kw>
<status status="PASS" starttime="20231118 04:44:13.160" endtime="20231118 04:44:13.160"/>
</kw>
<kw name="Input Credentials" library="resource">
<arg>dav@</arg>
<arg>david123</arg>
<kw name="Input" library="AppLibrary">
<arg>${username}</arg>
<status status="PASS" starttime="20231118 04:44:13.161" endtime="20231118 04:44:13.161"/>
</kw>
<kw name="Input" library="AppLibrary">
<arg>${password}</arg>
<status status="PASS" starttime="20231118 04:44:13.161" endtime="20231118 04:44:13.161"/>
</kw>
<kw name="Run Application" library="AppLibrary">
<status status="PASS" starttime="20231118 04:44:13.161" endtime="20231118 04:44:13.161"/>
</kw>
<status status="PASS" starttime="20231118 04:44:13.160" endtime="20231118 04:44:13.161"/>
</kw>
<kw name="Output Should Contain" library="AppLibrary">
<arg>Username is not valid</arg>
<status status="PASS" starttime="20231118 04:44:13.161" endtime="20231118 04:44:13.161"/>
</kw>
<status status="PASS" starttime="20231118 04:44:13.160" endtime="20231118 04:44:13.161"/>
</test>
<test id="s1-s2-t5" name="Register With Valid Username And Too Short Password" line="19">
<kw name="Create User And Input Login Command" type="SETUP">
<kw name="Create User" library="AppLibrary">
<arg>kalle</arg>
<arg>kalle123</arg>
<status status="PASS" starttime="20231118 04:44:13.162" endtime="20231118 04:44:13.162"/>
</kw>
<kw name="Input New Command" library="resource">
<kw name="Input" library="AppLibrary">
<arg>new</arg>
<status status="PASS" starttime="20231118 04:44:13.162" endtime="20231118 04:44:13.162"/>
</kw>
<status status="PASS" starttime="20231118 04:44:13.162" endtime="20231118 04:44:13.162"/>
</kw>
<status status="PASS" starttime="20231118 04:44:13.162" endtime="20231118 04:44:13.162"/>
</kw>
<kw name="Input Credentials" library="resource">
<arg>david</arg>
<arg>david12</arg>
<kw name="Input" library="AppLibrary">
<arg>${username}</arg>
<status status="PASS" starttime="20231118 04:44:13.162" endtime="20231118 04:44:13.163"/>
</kw>
<kw name="Input" library="AppLibrary">
<arg>${password}</arg>
<status status="PASS" starttime="20231118 04:44:13.163" endtime="20231118 04:44:13.163"/>
</kw>
<kw name="Run Application" library="AppLibrary">
<status status="PASS" starttime="20231118 04:44:13.163" endtime="20231118 04:44:13.163"/>
</kw>
<status status="PASS" starttime="20231118 04:44:13.162" endtime="20231118 04:44:13.163"/>
</kw>
<kw name="Output Should Contain" library="AppLibrary">
<arg>password is too short</arg>
<status status="PASS" starttime="20231118 04:44:13.163" endtime="20231118 04:44:13.163"/>
</kw>
<status status="PASS" starttime="20231118 04:44:13.161" endtime="20231118 04:44:13.163"/>
</test>
<test id="s1-s2-t6" name="Register With Valid Username And Long Enough Password Containing Only Letters" line="23">
<kw name="Create User And Input Login Command" type="SETUP">
<kw name="Create User" library="AppLibrary">
<arg>kalle</arg>
<arg>kalle123</arg>
<status status="PASS" starttime="20231118 04:44:13.164" endtime="20231118 04:44:13.164"/>
</kw>
<kw name="Input New Command" library="resource">
<kw name="Input" library="AppLibrary">
<arg>new</arg>
<status status="PASS" starttime="20231118 04:44:13.164" endtime="20231118 04:44:13.164"/>
</kw>
<status status="PASS" starttime="20231118 04:44:13.164" endtime="20231118 04:44:13.164"/>
</kw>
<status status="PASS" starttime="20231118 04:44:13.163" endtime="20231118 04:44:13.164"/>
</kw>
<kw name="Input Credentials" library="resource">
<arg>david</arg>
<arg>davidddd</arg>
<kw name="Input" library="AppLibrary">
<arg>${username}</arg>
<status status="PASS" starttime="20231118 04:44:13.164" endtime="20231118 04:44:13.165"/>
</kw>
<kw name="Input" library="AppLibrary">
<arg>${password}</arg>
<status status="PASS" starttime="20231118 04:44:13.165" endtime="20231118 04:44:13.165"/>
</kw>
<kw name="Run Application" library="AppLibrary">
<status status="PASS" starttime="20231118 04:44:13.165" endtime="20231118 04:44:13.165"/>
</kw>
<status status="PASS" starttime="20231118 04:44:13.164" endtime="20231118 04:44:13.165"/>
</kw>
<kw name="Output Should Contain" library="AppLibrary">
<arg>not only alphabet</arg>
<status status="PASS" starttime="20231118 04:44:13.165" endtime="20231118 04:44:13.165"/>
</kw>
<status status="PASS" starttime="20231118 04:44:13.163" endtime="20231118 04:44:13.165"/>
</test>
<status status="PASS" starttime="20231118 04:44:13.152" endtime="20231118 04:44:13.165"/>
</suite>
<status status="PASS" starttime="20231118 04:44:13.126" endtime="20231118 04:44:13.166"/>
</suite>
<statistics>
<total>
<stat pass="9" fail="0" skip="0">All Tests</stat>
</total>
<tag>
</tag>
<suite>
<stat pass="9" fail="0" skip="0" id="s1" name="Tests">Tests</stat>
<stat pass="3" fail="0" skip="0" id="s1-s1" name="Login">Tests.Login</stat>
<stat pass="6" fail="0" skip="0" id="s1-s2" name="Register">Tests.Register</stat>
</suite>
</statistics>
<errors>
</errors>
</robot>
