<?xml version="1.0" encoding="UTF-8"?>
<robot generator="Robot 6.1.1 (Python 3.10.12 on linux)" generated="20231118 18:53:56.933" rpa="false" schemaversion="4">
<suite id="s1" name="Tests" source="/home/shao/palautusrepositorio/viikko3/web-login/src/tests">
<suite id="s1-s1" name="Login" source="/home/shao/palautusrepositorio/viikko3/web-login/src/tests/login.robot">
<kw name="Open And Configure Browser" library="resource" type="SETUP">
<kw name="Evaluate" library="BuiltIn">
<var>${options}</var>
<arg>sys.modules['selenium.webdriver'].ChromeOptions()</arg>
<arg>sys</arg>
<doc>Evaluates the given expression in Python and returns the result.</doc>
<msg timestamp="20231118 18:53:57.070" level="INFO">${options} = &lt;selenium.webdriver.chrome.options.Options object at 0x7f63ff647880&gt;</msg>
<status status="PASS" starttime="20231118 18:53:57.070" endtime="20231118 18:53:57.070"/>
</kw>
<kw name="Call Method" library="BuiltIn">
<arg>${options}</arg>
<arg>add_argument</arg>
<arg>--no-sandbox</arg>
<doc>Calls the named method of the given object with the provided arguments.</doc>
<status status="PASS" starttime="20231118 18:53:57.070" endtime="20231118 18:53:57.070"/>
</kw>
<kw name="Open Browser" library="SeleniumLibrary">
<arg>browser=chrome</arg>
<arg>options=${options}</arg>
<doc>Opens a new browser instance to the optional ``url``.</doc>
<msg timestamp="20231118 18:53:57.071" level="INFO">Opening browser 'chrome' to base url 'None'.</msg>
<status status="PASS" starttime="20231118 18:53:57.070" endtime="20231118 18:53:58.108"/>
</kw>
<kw name="Set Selenium Speed" library="SeleniumLibrary">
<arg>${DELAY}</arg>
<doc>Sets the delay that is waited after each Selenium command.</doc>
<status status="PASS" starttime="20231118 18:53:58.108" endtime="20231118 18:53:58.109"/>
</kw>
<status status="PASS" starttime="20231118 18:53:57.069" endtime="20231118 18:53:58.109"/>
</kw>
<test id="s1-s1-t1" name="Login With Correct Credentials" line="8">
<kw name="Create User And Go To Login Page" type="SETUP">
<kw name="Create User" library="AppLibrary">
<arg>kalle</arg>
<arg>kalle123</arg>
<status status="PASS" starttime="20231118 18:53:58.110" endtime="20231118 18:53:58.119"/>
</kw>
<kw name="Go To Login Page" library="resource">
<kw name="Go To" library="SeleniumLibrary">
<arg>${LOGIN_URL}</arg>
<doc>Navigates the current browser window to the provided ``url``.</doc>
<msg timestamp="20231118 18:53:58.120" level="INFO">Opening url 'http://localhost:5001/login'</msg>
<status status="PASS" starttime="20231118 18:53:58.120" endtime="20231118 18:53:58.730"/>
</kw>
<status status="PASS" starttime="20231118 18:53:58.119" endtime="20231118 18:53:58.730"/>
</kw>
<kw name="Login Page Should Be Open" library="resource">
<kw name="Title Should Be" library="SeleniumLibrary">
<arg>Login</arg>
<doc>Verifies that the current page title equals ``title``.</doc>
<msg timestamp="20231118 18:53:59.246" level="INFO">Page title is 'Login'.</msg>
<status status="PASS" starttime="20231118 18:53:58.731" endtime="20231118 18:53:59.246"/>
</kw>
<status status="PASS" starttime="20231118 18:53:58.730" endtime="20231118 18:53:59.246"/>
</kw>
<status status="PASS" starttime="20231118 18:53:58.110" endtime="20231118 18:53:59.246"/>
</kw>
<kw name="Set Username">
<arg>kalle</arg>
<kw name="Input Text" library="SeleniumLibrary">
<arg>username</arg>
<arg>${username}</arg>
<doc>Types the given ``text`` into the text field identified by ``locator``.</doc>
<msg timestamp="20231118 18:53:59.248" level="INFO">Typing text 'kalle' into text field 'username'.</msg>
<status status="PASS" starttime="20231118 18:53:59.247" endtime="20231118 18:54:00.904"/>
</kw>
<status status="PASS" starttime="20231118 18:53:59.247" endtime="20231118 18:54:00.904"/>
</kw>
<kw name="Set Password">
<arg>kalle123</arg>
<kw name="Input Password" library="SeleniumLibrary">
<arg>password</arg>
<arg>${password}</arg>
<doc>Types the given password into the text field identified by ``locator``.</doc>
<msg timestamp="20231118 18:54:00.906" level="INFO">Typing password into text field 'password'.</msg>
<msg timestamp="20231118 18:54:01.967" level="INFO">Temporally setting log level to: NONE</msg>
<msg timestamp="20231118 18:54:02.521" level="INFO">Log level changed from NONE to INFO.</msg>
<status status="PASS" starttime="20231118 18:54:00.905" endtime="20231118 18:54:02.521"/>
</kw>
<status status="PASS" starttime="20231118 18:54:00.905" endtime="20231118 18:54:02.521"/>
</kw>
<kw name="Submit Credentials">
<kw name="Click Button" library="SeleniumLibrary">
<arg>Login</arg>
<doc>Clicks the button identified by ``locator``.</doc>
<msg timestamp="20231118 18:54:02.523" level="INFO">Clicking button 'Login'.</msg>
<status status="PASS" starttime="20231118 18:54:02.522" endtime="20231118 18:54:04.655"/>
</kw>
<status status="PASS" starttime="20231118 18:54:02.522" endtime="20231118 18:54:04.655"/>
</kw>
<kw name="Login Should Succeed">
<kw name="Main Page Should Be Open" library="resource">
<kw name="Title Should Be" library="SeleniumLibrary">
<arg>Ohtu Application main page</arg>
<doc>Verifies that the current page title equals ``title``.</doc>
<msg timestamp="20231118 18:54:05.166" level="INFO">Page title is 'Ohtu Application main page'.</msg>
<status status="PASS" starttime="20231118 18:54:04.656" endtime="20231118 18:54:05.167"/>
</kw>
<status status="PASS" starttime="20231118 18:54:04.656" endtime="20231118 18:54:05.167"/>
</kw>
<status status="PASS" starttime="20231118 18:54:04.655" endtime="20231118 18:54:05.167"/>
</kw>
<status status="PASS" starttime="20231118 18:53:58.109" endtime="20231118 18:54:05.167"/>
</test>
<test id="s1-s1-t2" name="Login With Incorrect Password" line="14">
<kw name="Create User And Go To Login Page" type="SETUP">
<kw name="Create User" library="AppLibrary">
<arg>kalle</arg>
<arg>kalle123</arg>
<status status="PASS" starttime="20231118 18:54:05.169" endtime="20231118 18:54:05.183"/>
</kw>
<kw name="Go To Login Page" library="resource">
<kw name="Go To" library="SeleniumLibrary">
<arg>${LOGIN_URL}</arg>
<doc>Navigates the current browser window to the provided ``url``.</doc>
<msg timestamp="20231118 18:54:05.184" level="INFO">Opening url 'http://localhost:5001/login'</msg>
<status status="PASS" starttime="20231118 18:54:05.183" endtime="20231118 18:54:05.715"/>
</kw>
<status status="PASS" starttime="20231118 18:54:05.183" endtime="20231118 18:54:05.715"/>
</kw>
<kw name="Login Page Should Be Open" library="resource">
<kw name="Title Should Be" library="SeleniumLibrary">
<arg>Login</arg>
<doc>Verifies that the current page title equals ``title``.</doc>
<msg timestamp="20231118 18:54:06.225" level="INFO">Page title is 'Login'.</msg>
<status status="PASS" starttime="20231118 18:54:05.716" endtime="20231118 18:54:06.225"/>
</kw>
<status status="PASS" starttime="20231118 18:54:05.715" endtime="20231118 18:54:06.225"/>
</kw>
<status status="PASS" starttime="20231118 18:54:05.169" endtime="20231118 18:54:06.225"/>
</kw>
<kw name="Set Username">
<arg>kalle</arg>
<kw name="Input Text" library="SeleniumLibrary">
<arg>username</arg>
<arg>${username}</arg>
<doc>Types the given ``text`` into the text field identified by ``locator``.</doc>
<msg timestamp="20231118 18:54:06.227" level="INFO">Typing text 'kalle' into text field 'username'.</msg>
<status status="PASS" starttime="20231118 18:54:06.226" endtime="20231118 18:54:07.816"/>
</kw>
<status status="PASS" starttime="20231118 18:54:06.226" endtime="20231118 18:54:07.816"/>
</kw>
<kw name="Set Password">
<arg>kalle456</arg>
<kw name="Input Password" library="SeleniumLibrary">
<arg>password</arg>
<arg>${password}</arg>
<doc>Types the given password into the text field identified by ``locator``.</doc>
<msg timestamp="20231118 18:54:07.818" level="INFO">Typing password into text field 'password'.</msg>
<msg timestamp="20231118 18:54:08.856" level="INFO">Temporally setting log level to: NONE</msg>
<msg timestamp="20231118 18:54:09.400" level="INFO">Log level changed from NONE to INFO.</msg>
<status status="PASS" starttime="20231118 18:54:07.817" endtime="20231118 18:54:09.400"/>
</kw>
<status status="PASS" starttime="20231118 18:54:07.816" endtime="20231118 18:54:09.400"/>
</kw>
<kw name="Submit Credentials">
<kw name="Click Button" library="SeleniumLibrary">
<arg>Login</arg>
<doc>Clicks the button identified by ``locator``.</doc>
<msg timestamp="20231118 18:54:09.402" level="INFO">Clicking button 'Login'.</msg>
<status status="PASS" starttime="20231118 18:54:09.401" endtime="20231118 18:54:11.478"/>
</kw>
<status status="PASS" starttime="20231118 18:54:09.401" endtime="20231118 18:54:11.478"/>
</kw>
<kw name="Login Should Fail With Message">
<arg>Invalid username or password</arg>
<kw name="Login Page Should Be Open" library="resource">
<kw name="Title Should Be" library="SeleniumLibrary">
<arg>Login</arg>
<doc>Verifies that the current page title equals ``title``.</doc>
<msg timestamp="20231118 18:54:11.989" level="INFO">Page title is 'Login'.</msg>
<status status="PASS" starttime="20231118 18:54:11.479" endtime="20231118 18:54:11.989"/>
</kw>
<status status="PASS" starttime="20231118 18:54:11.479" endtime="20231118 18:54:11.989"/>
</kw>
<kw name="Page Should Contain" library="SeleniumLibrary">
<arg>${message}</arg>
<doc>Verifies that current page contains ``text``.</doc>
<msg timestamp="20231118 18:54:13.022" level="INFO">Current page contains text 'Invalid username or password'.</msg>
<status status="PASS" starttime="20231118 18:54:11.989" endtime="20231118 18:54:13.022"/>
</kw>
<status status="PASS" starttime="20231118 18:54:11.478" endtime="20231118 18:54:13.022"/>
</kw>
<status status="PASS" starttime="20231118 18:54:05.168" endtime="20231118 18:54:13.023"/>
</test>
<kw name="Close Browser" library="SeleniumLibrary" type="TEARDOWN">
<doc>Closes the current browser.</doc>
<status status="PASS" starttime="20231118 18:54:13.024" endtime="20231118 18:54:13.584"/>
</kw>
<status status="PASS" starttime="20231118 18:53:56.947" endtime="20231118 18:54:13.584"/>
</suite>
<status status="PASS" starttime="20231118 18:53:56.933" endtime="20231118 18:54:13.586"/>
</suite>
<statistics>
<total>
<stat pass="2" fail="0" skip="0">All Tests</stat>
</total>
<tag>
</tag>
<suite>
<stat pass="2" fail="0" skip="0" id="s1" name="Tests">Tests</stat>
<stat pass="2" fail="0" skip="0" id="s1-s1" name="Login">Tests.Login</stat>
</suite>
</statistics>
<errors>
</errors>
</robot>
