<?xml version="1.0" encoding="UTF-8"?>
<robot generator="Robot 6.1.1 (Python 3.10.12 on linux)" generated="20231118 01:49:10.370" rpa="false" schemaversion="4">
<suite id="s1" name="Tests" source="/home/shao/palautusrepositorio/viikko3/login-robot/src/tests">
<suite id="s1-s1" name="Login" source="/home/shao/palautusrepositorio/viikko3/login-robot/src/tests/login.robot">
<test id="s1-s1-t1" name="Login With Correct Credentials" line="6">
<kw name="Create User And Input Login Command" type="SETUP">
<kw name="Create User" library="AppLibrary">
<arg>kalle</arg>
<arg>kalle123</arg>
<status status="PASS" starttime="20231118 01:49:10.395" endtime="20231118 01:49:10.395"/>
</kw>
<kw name="Input Login Command" library="resource">
<kw name="Input" library="AppLibrary">
<arg>login</arg>
<status status="PASS" starttime="20231118 01:49:10.395" endtime="20231118 01:49:10.395"/>
</kw>
<status status="PASS" starttime="20231118 01:49:10.395" endtime="20231118 01:49:10.395"/>
</kw>
<status status="PASS" starttime="20231118 01:49:10.395" endtime="20231118 01:49:10.395"/>
</kw>
<kw name="Input Credentials" library="resource">
<arg>kalle</arg>
<arg>kalle123</arg>
<kw name="Input" library="AppLibrary">
<arg>${username}</arg>
<status status="PASS" starttime="20231118 01:49:10.395" endtime="20231118 01:49:10.396"/>
</kw>
<kw name="Input" library="AppLibrary">
<arg>${password}</arg>
<status status="PASS" starttime="20231118 01:49:10.396" endtime="20231118 01:49:10.396"/>
</kw>
<kw name="Run Application" library="AppLibrary">
<status status="PASS" starttime="20231118 01:49:10.396" endtime="20231118 01:49:10.396"/>
</kw>
<status status="PASS" starttime="20231118 01:49:10.395" endtime="20231118 01:49:10.396"/>
</kw>
<kw name="Output Should Contain" library="AppLibrary">
<arg>Logged in</arg>
<status status="PASS" starttime="20231118 01:49:10.396" endtime="20231118 01:49:10.396"/>
</kw>
<status status="PASS" starttime="20231118 01:49:10.394" endtime="20231118 01:49:10.396"/>
</test>
<status status="PASS" starttime="20231118 01:49:10.391" endtime="20231118 01:49:10.396"/>
</suite>
<status status="PASS" starttime="20231118 01:49:10.370" endtime="20231118 01:49:10.397"/>
</suite>
<statistics>
<total>
<stat pass="1" fail="0" skip="0">All Tests</stat>
</total>
<tag>
</tag>
<suite>
<stat pass="1" fail="0" skip="0" id="s1" name="Tests">Tests</stat>
<stat pass="1" fail="0" skip="0" id="s1-s1" name="Login">Tests.Login</stat>
</suite>
</statistics>
<errors>
</errors>
</robot>
